{
  "RSpec": {
    "coverage": {
      "/Users/marcharbatkin/Projects/vads/SCIInterim/spec/rails_helper.rb": [
        null,
        1,
        null,
        1,
        1,
        1,
        1,
        1,
        null,
        null,
        null,
        null,
        null,
        null,
        null,
        null,
        null,
        null,
        null,
        null,
        null,
        4,
        null,
        null,
        null,
        null,
        1,
        1,
        null,
        null,
        null,
        null,
        1,
        0,
        null,
        null,
        null,
        null,
        null,
        1,
        null,
        null,
        null,
        1,
        55,
        491,
        20,
        20,
        null,
        35,
        null,
        23,
        null,
        6,
        null,
        2,
        null,
        3,
        null,
        1,
        null,
        0,
        null,
        null,
        null,
        null,
        1,
        55,
        55,
        55,
        55,
        null,
        55,
        null,
        null,
        null,
        1,
        55,
        null,
        55,
        null,
        null,
        null,
        1,
        2,
        1,
        null,
        1,
        null,
        null,
        null,
        1,
        0,
        null,
        null,
        null,
        null,
        1,
        10,
        10,
        10,
        10,
        10,
        10,
        null,
        null,
        10,
        null,
        null,
        10,
        null,
        null,
        0,
        null,
        null,
        8,
        0,
        null,
        8,
        null,
        null,
        2,
        null,
        2,
        null,
        0,
        null,
        10,
        null,
        2,
        null,
        null,
        null,
        null,
        1,
        126,
        null,
        null,
        1,
        null,
        1,
        null,
        null,
        1,
        1,
        1,
        1,
        null,
        1,
        41,
        null,
        1,
        0,
        0,
        null,
        1,
        41,
        null,
        1,
        41,
        null,
        null,
        1,
        1,
        null,
        1,
        null
      ],
      "/Users/marcharbatkin/Projects/vads/SCIInterim/config/environment.rb": [
        null,
        1,
        null,
        null,
        1
      ],
      "/Users/marcharbatkin/Projects/vads/SCIInterim/config/application.rb": [
        1,
        null,
        1,
        null,
        null,
        null,
        1,
        null,
        1,
        1,
        null,
        null,
        null,
        null,
        null,
        null,
        null,
        null,
        null,
        null,
        null,
        null,
        null
      ],
      "/Users/marcharbatkin/Projects/vads/SCIInterim/config/boot.rb": [
        null,
        1,
        null,
        1
      ],
      "/Users/marcharbatkin/Projects/vads/SCIInterim/config/environments/test.rb": [
        1,
        null,
        null,
        null,
        null,
        null,
        null,
        1,
        null,
        null,
        null,
        null,
        1,
        null,
        null,
        1,
        1,
        null,
        null,
        1,
        1,
        null,
        null,
        1,
        null,
        null,
        1,
        null,
        null,
        null,
        null,
        1,
        null,
        null,
        1,
        null,
        null,
        null,
        null
      ],
      "/Users/marcharbatkin/Projects/vads/SCIInterim/config/initializers/assets.rb": [
        null,
        null,
        null,
        1,
        null,
        null,
        null,
        null,
        1
      ],
      "/Users/marcharbatkin/Projects/vads/SCIInterim/config/initializers/backtrace_silencers.rb": [
        null,
        null,
        null,
        null,
        null,
        null,
        null
      ],
      "/Users/marcharbatkin/Projects/vads/SCIInterim/config/initializers/cookies_serializer.rb": [
        null,
        null,
        1
      ],
      "/Users/marcharbatkin/Projects/vads/SCIInterim/config/initializers/devise.rb": [
        null,
        null,
        1,
        null,
        null,
        null,
        null,
        null,
        null,
        null,
        null,
        null,
        1,
        null,
        null,
        null,
        null,
        null,
        null,
        null,
        null,
        1,
        null,
        null,
        null,
        null,
        null,
        null,
        null,
        null,
        null,
        null,
        null,
        null,
        null,
        null,
        null,
        null,
        null,
        null,
        null,
        null,
        null,
        1,
        null,
        null,
        null,
        null,
        1,
        null,
        null,
        null,
        null,
        null,
        null,
        null,
        null,
        null,
        null,
        null,
        null,
        null,
        null,
        null,
        null,
        null,
        null,
        null,
        null,
        null,
        null,
        null,
        null,
        null,
        null,
        null,
        null,
        null,
        null,
        1,
        null,
        null,
        null,
        null,
        null,
        null,
        null,
        null,
        null,
        null,
        null,
        null,
        null,
        null,
        null,
        null,
        1,
        null,
        null,
        null,
        null,
        null,
        null,
        null,
        null,
        null,
        null,
        null,
        null,
        null,
        null,
        null,
        null,
        null,
        null,
        null,
        null,
        null,
        null,
        null,
        null,
        1,
        null,
        null,
        null,
        null,
        null,
        null,
        null,
        null,
        null,
        1,
        null,
        null,
        null,
        null,
        null,
        null,
        null,
        null,
        null,
        null,
        1,
        null,
        null,
        null,
        null,
        null,
        null,
        null,
        null,
        null,
        null,
        null,
        null,
        null,
        null,
        null,
        null,
        null,
        null,
        null,
        null,
        null,
        null,
        null,
        null,
        null,
        null,
        null,
        null,
        null,
        null,
        null,
        null,
        null,
        null,
        null,
        null,
        null,
        null,
        null,
        null,
        null,
        null,
        null,
        null,
        null,
        null,
        null,
        null,
        1,
        null,
        null,
        null,
        null,
        null,
        null,
        null,
        null,
        null,
        null,
        null,
        null,
        null,
        null,
        null,
        null,
        null,
        null,
        null,
        null,
        null,
        null,
        null,
        null,
        null,
        null,
        null,
        null,
        null,
        null,
        null,
        null,
        null,
        null,
        null,
        null,
        null,
        1,
        null,
        null,
        null,
        null,
        null,
        null,
        null,
        null,
        null,
        null,
        null,
        null,
        null,
        null,
        null,
        null,
        null,
        null,
        null,
        null,
        null,
        null,
        null,
        null,
        null,
        null,
        null,
        null,
        null
      ],
      "/Users/marcharbatkin/Projects/vads/SCIInterim/config/initializers/filter_parameter_logging.rb": [
        null,
        null,
        null,
        1
      ],
      "/Users/marcharbatkin/Projects/vads/SCIInterim/config/initializers/inflections.rb": [
        null,
        null,
        null,
        null,
        null,
        1,
        null,
        null,
        null,
        null,
        null,
        1,
        null,
        null,
        null,
        null,
        null,
        null
      ],
      "/Users/marcharbatkin/Projects/vads/SCIInterim/config/initializers/mime_types.rb": [
        null,
        null,
        null,
        null
      ],
      "/Users/marcharbatkin/Projects/vads/SCIInterim/config/initializers/session_store.rb": [
        null,
        null,
        1
      ],
      "/Users/marcharbatkin/Projects/vads/SCIInterim/config/initializers/simple_form.rb": [
        null,
        1,
        null,
        null,
        null,
        null,
        null,
        1,
        null,
        null,
        null,
        null,
        null,
        null,
        null,
        null,
        null,
        1,
        null,
        null,
        null,
        1,
        null,
        null,
        null,
        null,
        null,
        null,
        null,
        null,
        1,
        null,
        null,
        1,
        null,
        null,
        1,
        null,
        null,
        1,
        null,
        null,
        1,
        1,
        1,
        null,
        null,
        null,
        null,
        null,
        null,
        null,
        null,
        null,
        1,
        null,
        null,
        null,
        null,
        null,
        1,
        null,
        null,
        1,
        null,
        null,
        null,
        null,
        null,
        null,
        null,
        1,
        null,
        null,
        1,
        null,
        null,
        null,
        null,
        null,
        null,
        null,
        null,
        null,
        null,
        null,
        null,
        null,
        null,
        null,
        null,
        null,
        null,
        null,
        null,
        null,
        null,
        null,
        null,
        null,
        null,
        null,
        null,
        null,
        null,
        null,
        null,
        null,
        null,
        null,
        null,
        null,
        null,
        null,
        null,
        null,
        null,
        null,
        null,
        1,
        null,
        null,
        null,
        null,
        null,
        null,
        null,
        null,
        null,
        null,
        null,
        null,
        null,
        null,
        null,
        null,
        null,
        null,
        null,
        null,
        null,
        null,
        null,
        null,
        null,
        null,
        null,
        null,
        null,
        null,
        null,
        null,
        null,
        null,
        null,
        null,
        1,
        null,
        null,
        null,
        null,
        null,
        null,
        null,
        null
      ],
      "/Users/marcharbatkin/Projects/vads/SCIInterim/config/initializers/simple_form_foundation.rb": [
        null,
        1,
        null,
        null,
        null,
        null,
        null,
        null,
        null,
        1,
        1,
        1,
        1,
        1,
        1,
        1,
        1,
        1,
        null,
        null,
        null,
        null,
        1,
        1,
        1,
        1,
        1,
        1,
        1,
        null,
        1,
        1,
        null,
        null,
        1,
        1,
        1,
        null,
        null,
        null,
        null,
        1,
        1,
        1,
        null,
        1,
        1,
        1,
        1,
        null,
        null,
        1,
        null,
        null,
        null,
        null,
        null,
        null,
        null,
        null,
        null,
        null,
        null,
        1,
        1,
        1,
        1,
        1,
        1,
        1,
        null,
        1,
        1,
        null,
        1,
        null,
        null,
        null,
        null,
        null,
        null,
        1,
        1,
        1,
        null,
        1,
        1,
        null,
        null,
        1,
        null,
        null,
        null,
        null,
        1,
        null,
        null,
        null,
        null,
        1,
        null,
        null,
        1,
        null,
        null,
        1,
        null
      ],
      "/Users/marcharbatkin/Projects/vads/SCIInterim/config/initializers/wrap_parameters.rb": [
        null,
        null,
        null,
        null,
        null,
        null,
        1,
        1,
        null,
        null,
        null,
        null,
        null,
        null
      ],
      "/Users/marcharbatkin/Projects/vads/SCIInterim/spec/factories/acute_rehabs.rb": [
        1,
        1,
        null,
        1,
        1,
        1,
        null,
        80,
        80,
        80,
        80,
        80,
        80,
        80,
        80,
        80,
        80,
        80,
        80,
        80,
        80,
        80,
        80,
        80,
        80,
        80,
        80,
        80,
        80,
        80,
        80,
        80,
        80,
        80,
        80,
        80,
        null,
        null
      ],
      "/Users/marcharbatkin/Projects/vads/SCIInterim/spec/factories/addresses.rb": [
        1,
        1,
        null,
        1,
        1,
        1,
        null,
        79,
        79,
        79,
        79,
        79,
        79,
        null,
        null
      ],
      "/Users/marcharbatkin/Projects/vads/SCIInterim/spec/factories/annual_evaluations.rb": [
        1,
        1,
        null,
        1,
        1,
        1,
        null,
        80,
        80,
        80,
        80,
        80,
        80,
        80,
        80,
        80,
        80,
        80,
        80,
        80,
        null,
        null
      ],
      "/Users/marcharbatkin/Projects/vads/SCIInterim/spec/factories/asias.rb": [
        1,
        1,
        449,
        null,
        449,
        449,
        449,
        449,
        449,
        449,
        449,
        449,
        449,
        null,
        null
      ],
      "/Users/marcharbatkin/Projects/vads/SCIInterim/spec/factories/chart_sfs.rb": [
        1,
        1,
        496,
        496,
        496,
        496,
        496,
        496,
        496,
        496,
        496,
        496,
        496,
        496,
        496,
        496,
        496,
        496,
        496,
        496,
        496,
        496,
        496,
        null,
        null
      ],
      "/Users/marcharbatkin/Projects/vads/SCIInterim/spec/factories/fim_measurements.rb": [
        1,
        1,
        402,
        402,
        402,
        402,
        402,
        402,
        402,
        402,
        402,
        402,
        402,
        402,
        402,
        402,
        402,
        402,
        402,
        402,
        null,
        null
      ],
      "/Users/marcharbatkin/Projects/vads/SCIInterim/spec/factories/fims.rb": [
        1,
        1,
        81,
        81,
        81,
        81,
        81,
        81,
        81,
        81,
        81,
        81,
        81,
        81,
        81,
        null,
        null
      ],
      "/Users/marcharbatkin/Projects/vads/SCIInterim/spec/factories/kurtzke_edsses.rb": [
        1,
        1,
        81,
        81,
        81,
        null,
        null
      ],
      "/Users/marcharbatkin/Projects/vads/SCIInterim/spec/factories/omrs.rb": [
        1,
        1,
        null,
        1,
        1,
        1,
        null,
        85,
        85,
        85,
        85,
        85,
        85,
        85,
        85,
        85,
        85,
        85,
        85,
        85,
        85,
        85,
        85,
        85,
        85,
        null,
        null,
        null
      ],
      "/Users/marcharbatkin/Projects/vads/SCIInterim/spec/factories/patients.rb": [
        1,
        1,
        null,
        1,
        1,
        1,
        null,
        40,
        117,
        115,
        40,
        40,
        40,
        40,
        40,
        40,
        40,
        40,
        40,
        40,
        40,
        35,
        40,
        34,
        40,
        40,
        40,
        40,
        40,
        40,
        40,
        34,
        40,
        40,
        40,
        40,
        40,
        40,
        40,
        40,
        40,
        40,
        40,
        40,
        40,
        122,
        40,
        40,
        40,
        40,
        40,
        40,
        40,
        40,
        40,
        40,
        40,
        38,
        40,
        40,
        40,
        1,
        1,
        40,
        40,
        40,
        40,
        40,
        40,
        null,
        1,
        39,
        null,
        null,
        null
      ],
      "/Users/marcharbatkin/Projects/vads/SCIInterim/spec/factories/scid_eligibility.rb": [
        1,
        1,
        1,
        null,
        null
      ],
      "/Users/marcharbatkin/Projects/vads/SCIInterim/app/models/domain.rb": [
        1,
        1,
        35,
        null,
        null
      ],
      "/Users/marcharbatkin/Projects/vads/SCIInterim/app/models/domain/scid_eligibility.rb": [
        1,
        1,
        null
      ],
      "/Users/marcharbatkin/Projects/vads/SCIInterim/app/models/concerns/domain_collectionable.rb": [
        1,
        1,
        1,
        35,
        940,
        null,
        null,
        1,
        80,
        null,
        null
      ],
      "/Users/marcharbatkin/Projects/vads/SCIInterim/spec/factories/sf8s.rb": [
        1,
        1,
        654,
        654,
        654,
        654,
        654,
        654,
        654,
        654,
        654,
        null,
        null
      ],
      "/Users/marcharbatkin/Projects/vads/SCIInterim/spec/factories/users.rb": [
        1,
        1,
        null,
        1,
        13,
        1,
        1,
        null,
        null
      ],
      "/Users/marcharbatkin/Projects/vads/SCIInterim/config/routes.rb": [
        1,
        null,
        1,
        null,
        1,
        1,
        1,
        null,
        null,
        1,
        1,
        1,
        null,
        1,
        1,
        1,
        1,
        null,
        null,
        1,
        null,
        1,
        null
      ],
      "/Users/marcharbatkin/Projects/vads/SCIInterim/app/models/user.rb": [
        1,
        null,
        null,
        1,
        null,
        null
      ],
      "/Users/marcharbatkin/Projects/vads/SCIInterim/app/helpers/application_helper.rb": [
        1,
        1,
        100,
        null,
        null
      ],
      "/Users/marcharbatkin/Projects/vads/SCIInterim/app/helpers/outpatient_episodes_helper.rb": [
        1,
        null
      ],
      "/Users/marcharbatkin/Projects/vads/SCIInterim/app/helpers/patients_helper.rb": [
        1,
        null,
        1,
        0,
        null,
        null,
        1,
        81,
        0,
        0,
        0,
        null,
        0,
        null,
        null,
        null,
        null
      ],
      "/Users/marcharbatkin/Projects/vads/SCIInterim/app/helpers/report_helper.rb": [
        1,
        1,
        0,
        null,
        null
      ],
      "/Users/marcharbatkin/Projects/vads/SCIInterim/lib/domain_seeds.rb": [
        1,
        null,
        1,
        1,
        1,
        0,
        0,
        null,
        0,
        null,
        null,
        1,
        0,
        null,
        null,
        null,
        1,
        null,
        null,
        null,
        null,
        null,
        null,
        null,
        1,
        null,
        null,
        null,
        null,
        null,
        null,
        null,
        null,
        null,
        1,
        null,
        null,
        null,
        null,
        null,
        null,
        1,
        null,
        null,
        null,
        null,
        null,
        null,
        null,
        1,
        null,
        null,
        null,
        null,
        null,
        1,
        null,
        null,
        null,
        null,
        null,
        null,
        null,
        null,
        null,
        null,
        null,
        1,
        null,
        null,
        null,
        null,
        null,
        1,
        null,
        null,
        null,
        null,
        null,
        null,
        null,
        null,
        1,
        null,
        null,
        null,
        null,
        null,
        1,
        null,
        null,
        null,
        null,
        null,
        1,
        null,
        null,
        null,
        null,
        null,
        1,
        null,
        null,
        null,
        null,
        null,
        null,
        1,
        null,
        null,
        null,
        1,
        null,
        null,
        null,
        null,
        null,
        null,
        null,
        null,
        null,
        null,
        null,
        null,
        null,
        null,
        null,
        null,
        null,
        null,
        null,
        1,
        null,
        null,
        null,
        null,
        1,
        null,
        null,
        null,
        null,
        1,
        null,
        null,
        null,
        null,
        1,
        null,
        null,
        null,
        null,
        null,
        null,
        null,
        null,
        1,
        null,
        null,
        null,
        null,
        null,
        null,
        null,
        null,
        1,
        null,
        null,
        null,
        null,
        null,
        null,
        null,
        1,
        null,
        null,
        null,
        null,
        null,
        null,
        null,
        null,
        null,
        null,
        null,
        null,
        null,
        null,
        null,
        null,
        null,
        null,
        null,
        null,
        null,
        1,
        null,
        null,
        null,
        null,
        null,
        null,
        null,
        null,
        null,
        null,
        null,
        null,
        null,
        null,
        null,
        null,
        null,
        null,
        null,
        null,
        null,
        null,
        null,
        null,
        null,
        null,
        null,
        null,
        null,
        null,
        null,
        1,
        null,
        null,
        null,
        null,
        null,
        null,
        null,
        null,
        null,
        null,
        1,
        null,
        null,
        null,
        null,
        null,
        1,
        null,
        null,
        null,
        null,
        null,
        null,
        null,
        null,
        1,
        null,
        null,
        null,
        null,
        null,
        1,
        null,
        null,
        null,
        null,
        null,
        null,
        null,
        null,
        null,
        null,
        null,
        null,
        1,
        null,
        null,
        null,
        null,
        null,
        null,
        null,
        null,
        null,
        null,
        null,
        null,
        null,
        null,
        null,
        null,
        null,
        null,
        null,
        null,
        null,
        null,
        null,
        null,
        null,
        null,
        1,
        null,
        null,
        null,
        null,
        null,
        1,
        null,
        null,
        null,
        null,
        null,
        null,
        1,
        null,
        null,
        null,
        null,
        null,
        null,
        null,
        null,
        null,
        null,
        null,
        1,
        null,
        null,
        null,
        null,
        null,
        null,
        1,
        null,
        null,
        null,
        null,
        1,
        null,
        null,
        null,
        null,
        null,
        1,
        null,
        null,
        null,
        null,
        null,
        null,
        null,
        null,
        null,
        null,
        null,
        null,
        null,
        null,
        null,
        null,
        null,
        null,
        null,
        null,
        null,
        null,
        null,
        null,
        null,
        null,
        null,
        null,
        null,
        null,
        null,
        null,
        null,
        null,
        null,
        null,
        null,
        null,
        null,
        null,
        null,
        null,
        null,
        null,
        null,
        null,
        null,
        null,
        null,
        null,
        null,
        null,
        null,
        null,
        null,
        null,
        null,
        null,
        null,
        null,
        null,
        null,
        null,
        null,
        null,
        null,
        null,
        null,
        null,
        null,
        null,
        null,
        null,
        null,
        null,
        null,
        null,
        null,
        null,
        null,
        null,
        null,
        null,
        null,
        null,
        null,
        null,
        null,
        null,
        null,
        null,
        null,
        null,
        null,
        null,
        null,
        null,
        null,
        null,
        null,
        null,
        null,
        null,
        null,
        null,
        null,
        null,
        null,
        null,
        null,
        null,
        null,
        null,
        null,
        null,
        null,
        null,
        null,
        null,
        null,
        null,
        null,
        null,
        null,
        null,
        null,
        null,
        null,
        null,
        null,
        null,
        null,
        null,
        null,
        null,
        null,
        null,
        null,
        null,
        null,
        null,
        null,
        null,
        null,
        null,
        null,
        null,
        null,
        null,
        null,
        null,
        null,
        null,
        null,
        null,
        null,
        null,
        null,
        null,
        null,
        null,
        null,
        null,
        null,
        null,
        null,
        null,
        null,
        1,
        null,
        null,
        null,
        null,
        null,
        null,
        1,
        1,
        null,
        null,
        null,
        1,
        1,
        null,
        null,
        null,
        1,
        1,
        null,
        null,
        1,
        1,
        null,
        null,
        null,
        1,
        1,
        null,
        null,
        1,
        1,
        null,
        null,
        null,
        1,
        1,
        null,
        null,
        null,
        1,
        1,
        null,
        null,
        null,
        1,
        1,
        null,
        null,
        null,
        1,
        1,
        null,
        null,
        null,
        1,
        1,
        null,
        null,
        1,
        1,
        null,
        null,
        null,
        1,
        1,
        null,
        null,
        null,
        1,
        1,
        null,
        null,
        null,
        1,
        1,
        null,
        null,
        null,
        1,
        1,
        null,
        null,
        null,
        1,
        1,
        null,
        null,
        1,
        1,
        null,
        null,
        1,
        1,
        null,
        null,
        1,
        1,
        null,
        null,
        null,
        1,
        1,
        null,
        null,
        null,
        1,
        1,
        null,
        null,
        1,
        1,
        null,
        null,
        1,
        1,
        null,
        null,
        1,
        1,
        null,
        null,
        1,
        1,
        null,
        null,
        1,
        1,
        null,
        null,
        1,
        1,
        null,
        null,
        1,
        1,
        null,
        null,
        1,
        1,
        null,
        null,
        1,
        1,
        null,
        null,
        1,
        1,
        null,
        null,
        1,
        1,
        null,
        null,
        1,
        1,
        null,
        null,
        1,
        1,
        null,
        null,
        1,
        1,
        null,
        null,
        1,
        1,
        1,
        1,
        1,
        1,
        1,
        1,
        1,
        1,
        1,
        1,
        1,
        1,
        1,
        1,
        1,
        1,
        1,
        1,
        1,
        1,
        1,
        1,
        1,
        1,
        1,
        1,
        1,
        1,
        1,
        1,
        1,
        1,
        1,
        1,
        1,
        1,
        null,
        null,
        null,
        1,
        1,
        0,
        0,
        0,
        null,
        0,
        null,
        0,
        null,
        null,
        1,
        416,
        416,
        416,
        192,
        576,
        576,
        null,
        192,
        192,
        null,
        224,
        224,
        null,
        416,
        null,
        null,
        1,
        36,
        36,
        null,
        36,
        36,
        null,
        36,
        0,
        null,
        null,
        null,
        36,
        416,
        null,
        null,
        null,
        36,
        36,
        null,
        null,
        null
      ],
      "/Users/marcharbatkin/Projects/vads/SCIInterim/spec/support/factory_girl.rb": [
        1,
        1,
        null
      ],
      "/Users/marcharbatkin/Projects/vads/SCIInterim/spec/support/helpers/session_helpers.rb": [
        1,
        1,
        1,
        0,
        0,
        0,
        null,
        null,
        1,
        8,
        8,
        8,
        8,
        null,
        null,
        1,
        8,
        8,
        null,
        null,
        null
      ],
      "/Users/marcharbatkin/Projects/vads/SCIInterim/spec/support/helpers.rb": [
        1,
        1,
        1,
        null
      ],
      "/Users/marcharbatkin/Projects/vads/SCIInterim/spec/controllers/acute_rehabs_controller_spec.rb": [
        1,
        2,
        2,
        null,
        1,
        1,
        1,
        1,
        1,
        2,
        null,
        null
      ],
      "/Users/marcharbatkin/Projects/vads/SCIInterim/app/controllers/acute_rehabs_controller.rb": [
        1,
        1,
        null,
        1,
        null,
        1,
        1,
        1,
        null,
        1,
        null,
        1,
        0,
        null,
        null,
        1,
        1,
        null,
        null,
        null,
        1,
        null,
        null,
        null,
        1,
        null,
        null,
        null,
        1,
        1,
        1,
        1,
        1,
        1,
        null,
        1,
        null,
        null,
        null,
        1,
        null,
        null,
        1,
        null,
        0,
        null,
        null,
        1,
        0,
        null,
        null,
        1,
        1,
        null,
        null,
        1,
        null,
        1,
        1,
        null,
        null,
        1,
        0,
        0,
        null,
        null,
        1,
        1,
        null,
        null,
        1,
        1,
        1,
        null,
        null,
        1,
        3,
        null,
        null,
        1,
        1,
        null,
        null,
        null,
        null,
        null,
        null,
        null,
        null,
        null,
        null,
        null,
        null,
        null,
        null,
        null,
        null,
        null,
        null,
        null,
        null,
        null,
        null,
        null,
        null,
        null,
        null,
        null,
        null,
        null,
        null,
        null,
        null,
        null,
        null,
        null,
        null,
        null,
        null,
        null,
        null,
        null
      ],
      "/Users/marcharbatkin/Projects/vads/SCIInterim/app/controllers/application_controller.rb": [
        1,
        null,
        null,
        1,
        null
      ],
      "/Users/marcharbatkin/Projects/vads/SCIInterim/app/controllers/concerns/attribute_param.rb": [
        1,
        1,
        null,
        null,
        null,
        null,
        null,
        1,
        471,
        null,
        null
      ],
      "/Users/marcharbatkin/Projects/vads/SCIInterim/spec/controllers/annual_evaluations_controller_spec.rb": [
        1,
        null,
        1,
        2,
        2,
        null,
        1,
        1,
        1,
        1,
        1,
        2,
        null,
        null
      ],
      "/Users/marcharbatkin/Projects/vads/SCIInterim/app/controllers/annual_evaluations_controller.rb": [
        1,
        1,
        null,
        1,
        null,
        1,
        1,
        1,
        null,
        1,
        null,
        1,
        0,
        null,
        null,
        1,
        1,
        null,
        null,
        null,
        null,
        1,
        null,
        null,
        null,
        1,
        1,
        1,
        1,
        1,
        1,
        1,
        1,
        null,
        null,
        1,
        0,
        null,
        null,
        1,
        1,
        null,
        null,
        1,
        1,
        null,
        1,
        1,
        1,
        null,
        null,
        1,
        0,
        0,
        0,
        null,
        null,
        1,
        1,
        null,
        null,
        1,
        1,
        2,
        null,
        null,
        1,
        4,
        null,
        null,
        1,
        1,
        null,
        null,
        null,
        null,
        null,
        null,
        null,
        null,
        null,
        null,
        null,
        null,
        null,
        null,
        null,
        null,
        null,
        null,
        null,
        null,
        null,
        null
      ],
      "/Users/marcharbatkin/Projects/vads/SCIInterim/spec/controllers/omrs_controller_spec.rb": [
        1,
        null,
        1,
        2,
        2,
        null,
        1,
        1,
        1,
        1,
        1,
        2,
        null,
        null
      ],
      "/Users/marcharbatkin/Projects/vads/SCIInterim/app/controllers/omrs_controller.rb": [
        1,
        null,
        1,
        1,
        null,
        1,
        null,
        1,
        1,
        1,
        null,
        1,
        null,
        1,
        0,
        null,
        null,
        1,
        1,
        null,
        1,
        null,
        null,
        1,
        null,
        null,
        null,
        1,
        1,
        1,
        1,
        1,
        1,
        1,
        1,
        1,
        null,
        null,
        1,
        0,
        null,
        null,
        1,
        null,
        null,
        1,
        1,
        null,
        1,
        1,
        1,
        null,
        null,
        1,
        0,
        0,
        null,
        null,
        1,
        1,
        null,
        null,
        1,
        1,
        null,
        1,
        null,
        null,
        null,
        null,
        null,
        1,
        3,
        null,
        null,
        1,
        1,
        1,
        null,
        null,
        null,
        null,
        null,
        null,
        null,
        null,
        null,
        null,
        null,
        null,
        null,
        null,
        null,
        null,
        null,
        null,
        null,
        null,
        null
      ],
      "/Users/marcharbatkin/Projects/vads/SCIInterim/spec/controllers/patients_controller_spec.rb": [
        1,
        null,
        1,
        2,
        2,
        null,
        1,
        1,
        1,
        2,
        null,
        null
      ],
      "/Users/marcharbatkin/Projects/vads/SCIInterim/app/controllers/patients_controller.rb": [
        1,
        1,
        null,
        1,
        1,
        null,
        1,
        null,
        1,
        12,
        null,
        12,
        0,
        null,
        0,
        null,
        0,
        0,
        null,
        null,
        12,
        null,
        null,
        12,
        12,
        12,
        12,
        null,
        null,
        null,
        1,
        0,
        null,
        null,
        1,
        2,
        null,
        null,
        null,
        null,
        null,
        null,
        null,
        2,
        2,
        null,
        null,
        null,
        2,
        null,
        2,
        null,
        null,
        1,
        7,
        null,
        null,
        1,
        0,
        null,
        0,
        0,
        0,
        null,
        0,
        0,
        null,
        null,
        null,
        1,
        null,
        0,
        0,
        null,
        0,
        null,
        null,
        0,
        null,
        null,
        1,
        1,
        null,
        null,
        1,
        null,
        null,
        38,
        0,
        0,
        null,
        0,
        null,
        38,
        0,
        null,
        38,
        null,
        null,
        1,
        null,
        1,
        1,
        8,
        null,
        null,
        1,
        0,
        null,
        null,
        null,
        null,
        null,
        null,
        null,
        null,
        null,
        null,
        null,
        null,
        null,
        null,
        null,
        null,
        null,
        null,
        null,
        null,
        null,
        null,
        null,
        null,
        null,
        null,
        null,
        null,
        null,
        null,
        null,
        null,
        null,
        null,
        null,
        null,
        null,
        null,
        null,
        null,
        null,
        null,
        null,
        null,
        null,
        null,
        null,
        null,
        null,
        null,
        null,
        null,
        null,
        null,
        null,
        null,
        null
      ],
      "/Users/marcharbatkin/Projects/vads/SCIInterim/spec/controllers/reports_controller_spec.rb": [
        1,
        null,
        1,
        null,
        null
      ],
      "/Users/marcharbatkin/Projects/vads/SCIInterim/app/controllers/reports_controller.rb": [
        1,
        1,
        null,
        1,
        null,
        null,
        1,
        0,
        null,
        null,
        null,
        null,
        null,
        1,
        null,
        0,
        null,
        0,
        null,
        1,
        null,
        null,
        null,
        null,
        null,
        null,
        1,
        0,
        0,
        0,
        null,
        0,
        0,
        0,
        0,
        0,
        0,
        0,
        0,
        0,
        null,
        null,
        0,
        null,
        null,
        0,
        0,
        null,
        0,
        null,
        null,
        null,
        0,
        null,
        null,
        0,
        0,
        null,
        null,
        1,
        null,
        null,
        null,
        null,
        1,
        0,
        0,
        0,
        null,
        0,
        null,
        null,
        1,
        null,
        1,
        0,
        null,
        null,
        1,
        1,
        0,
        null,
        null,
        0,
        null,
        null,
        null,
        null,
        null,
        null,
        null
      ],
      "/Users/marcharbatkin/Projects/vads/SCIInterim/spec/features/acute_rehabs_spec.rb": [
        1,
        1,
        null,
        null,
        null,
        null,
        null,
        1,
        1,
        1,
        null,
        null,
        null,
        null,
        null,
        null,
        null,
        1,
        1,
        1,
        1,
        null,
        1,
        1,
        null,
        1,
        1,
        null,
        1,
        null,
        1,
        1,
        null,
        null,
        null,
        null
      ],
      "/Users/marcharbatkin/Projects/vads/SCIInterim/spec/features/annual_evaluations_spec.rb": [
        1,
        1,
        null,
        null,
        null,
        null,
        null,
        1,
        1,
        2,
        null,
        null,
        3,
        2,
        null,
        null,
        null,
        null,
        null,
        null,
        1,
        1,
        1,
        null,
        1,
        1,
        null,
        1,
        1,
        null,
        1,
        null,
        1,
        1,
        null,
        null,
        null,
        null,
        1,
        1,
        1,
        1,
        1,
        null,
        null
      ],
      "/Users/marcharbatkin/Projects/vads/SCIInterim/spec/features/devise/registration_spec.rb": [
        null,
        null,
        null,
        null,
        1,
        null,
        null,
        null,
        null,
        null,
        1,
        1,
        1,
        1,
        1,
        1,
        1,
        1,
        null,
        null,
        null,
        null,
        null,
        null,
        1,
        1,
        1,
        1,
        1,
        1,
        1,
        null,
        null,
        null,
        null,
        null,
        null,
        1,
        1,
        1,
        1,
        1,
        1,
        1,
        null,
        null,
        null,
        null,
        null,
        null,
        1,
        1,
        1,
        1,
        1,
        1,
        1,
        1,
        null,
        1,
        null,
        null
      ],
      "/Users/marcharbatkin/Projects/vads/SCIInterim/spec/features/devise/sessions_spec.rb": [
        null,
        null,
        null,
        null,
        1,
        null,
        null,
        null,
        null,
        null,
        1,
        1,
        1,
        1,
        1,
        1,
        null,
        1,
        null,
        null,
        null,
        null,
        null,
        null,
        1,
        1,
        1,
        1,
        1,
        1,
        null,
        1,
        null,
        null,
        null,
        null,
        null,
        null,
        1,
        1,
        null,
        null,
        null,
        null,
        1,
        1,
        1,
        1,
        1,
        null,
        1,
        null,
        null,
        null,
        null,
        null,
        null,
        1,
        1,
        null,
        null,
        null,
        null,
        1,
        1,
        1,
        1,
        1,
        null,
        1,
        1,
        null,
        null
      ],
      "/Users/marcharbatkin/Projects/vads/SCIInterim/spec/features/omrs_spec.rb": [
        1,
        1,
        null,
        null,
        null,
        null,
        null,
        1,
        1,
        1,
        null,
        null,
        null,
        null,
        null,
        null,
        null,
        1,
        1,
        1,
        1,
        null,
        1,
        1,
        null,
        1,
        1,
        null,
        1,
        null,
        1,
        1,
        null,
        null,
        null,
        null
      ],
      "/Users/marcharbatkin/Projects/vads/SCIInterim/spec/features/patients_spec.rb": [
        1,
        1,
        null,
        null,
        null,
        null,
        null,
        1,
        1,
        4,
        null,
        null,
        1,
        null,
        2,
        null,
        null,
        null,
        null,
        null,
        1,
        8,
        null,
        null,
        1,
        48,
        48,
        2,
        null,
        null,
        null,
        null,
        null,
        null,
        1,
        1,
        1,
        1,
        null,
        1,
        null,
        1,
        1,
        1,
        null,
        null,
        null,
        null,
        null,
        null,
        1,
        1,
        1,
        1,
        null,
        1,
        null,
        56,
        1,
        6,
        null,
        0,
        null,
        0,
        0,
        null,
        null,
        null,
        null,
        null,
        null,
        1,
        1,
        1,
        1,
        null,
        1,
        null,
        6,
        null,
        0,
        null,
        0,
        0,
        0,
        null,
        null,
        null,
        null,
        null,
        null,
        1,
        1,
        null,
        1,
        null,
        1,
        null,
        null,
        null
      ],
      "/Users/marcharbatkin/Projects/vads/SCIInterim/spec/models/acute_rehab_spec.rb": [
        1,
        null,
        1,
        2,
        null,
        1,
        1,
        null,
        null
      ],
      "/Users/marcharbatkin/Projects/vads/SCIInterim/app/models/acute_rehab.rb": [
        1,
        1,
        null,
        1,
        1,
        null,
        1,
        2,
        null,
        1,
        null,
        1,
        1,
        1,
        null,
        1,
        1,
        null,
        1,
        null,
        1,
        78,
        null,
        null
      ],
      "/Users/marcharbatkin/Projects/vads/SCIInterim/app/models/concerns/attribute_exportable.rb": [
        1,
        1,
        1,
        12,
        0,
        0,
        null,
        null,
        null,
        null,
        null,
        0,
        null,
        null,
        null,
        null,
        null,
        null,
        0,
        0,
        0,
        null,
        null,
        null,
        0,
        null,
        null,
        0,
        0,
        null,
        null,
        null,
        0,
        null,
        null,
        null,
        null
      ],
      "/Users/marcharbatkin/Projects/vads/SCIInterim/app/models/concerns/model_nestable.rb": [
        1,
        1,
        1,
        5,
        12,
        4,
        null,
        12,
        29,
        29,
        29,
        null,
        null,
        null,
        null
      ],
      "/Users/marcharbatkin/Projects/vads/SCIInterim/app/models/domain/sci_hub.rb": [
        1,
        1,
        null
      ],
      "/Users/marcharbatkin/Projects/vads/SCIInterim/app/models/domain/residence_type.rb": [
        1,
        1,
        null
      ],
      "/Users/marcharbatkin/Projects/vads/SCIInterim/app/models/domain/reason_for_admission.rb": [
        1,
        1,
        null
      ],
      "/Users/marcharbatkin/Projects/vads/SCIInterim/spec/models/annual_evaluation_spec.rb": [
        1,
        null,
        1,
        3,
        null,
        1,
        1,
        null,
        null,
        1,
        null,
        null,
        null,
        1,
        1,
        1,
        null,
        1,
        1,
        null,
        null
      ],
      "/Users/marcharbatkin/Projects/vads/SCIInterim/app/models/annual_evaluation.rb": [
        1,
        1,
        null,
        1,
        null,
        1,
        null,
        1,
        1,
        1,
        null,
        1,
        1,
        1,
        null,
        1,
        1,
        1,
        1,
        1,
        null,
        null,
        1,
        7,
        5,
        null,
        null,
        null,
        null,
        null,
        1,
        47,
        3,
        null,
        44,
        null,
        null,
        null
      ],
      "/Users/marcharbatkin/Projects/vads/SCIInterim/app/models/domain/bladder_drainage_method.rb": [
        1,
        1,
        null
      ],
      "/Users/marcharbatkin/Projects/vads/SCIInterim/spec/models/asia_spec.rb": [
        1,
        null,
        1,
        5,
        null,
        1,
        1,
        null,
        null,
        1,
        1,
        2,
        null,
        null,
        1,
        null,
        null,
        1,
        1,
        1,
        null,
        1,
        1,
        null,
        1,
        null,
        1,
        2,
        1,
        null,
        1,
        1,
        2,
        1,
        null,
        1,
        1,
        2,
        1,
        null,
        1,
        1,
        2,
        1,
        null,
        1,
        1,
        2,
        1,
        null,
        1,
        1,
        2,
        1,
        null,
        1,
        1,
        2,
        1,
        null,
        1,
        1,
        2,
        1,
        null,
        1,
        1,
        null,
        null,
        1,
        null,
        1,
        1,
        1,
        1,
        1,
        1,
        1,
        1,
        1,
        null,
        null,
        1,
        2,
        null,
        null,
        null,
        null,
        null,
        null,
        null,
        null,
        null,
        null,
        null,
        null,
        null,
        null,
        null,
        null
      ],
      "/Users/marcharbatkin/Projects/vads/SCIInterim/app/models/asia.rb": [
        1,
        1,
        null,
        1,
        1,
        1,
        1,
        1,
        1,
        1,
        1,
        1,
        null,
        1,
        1,
        null,
        null,
        null,
        null,
        null,
        null,
        null,
        null,
        null,
        null,
        null,
        null,
        null,
        null,
        null,
        null,
        null,
        null,
        null,
        1,
        459,
        79,
        null,
        79,
        79,
        79,
        null,
        null,
        459,
        80,
        80,
        null,
        80,
        80,
        null,
        null,
        null,
        1,
        0,
        0,
        0,
        0,
        null,
        0,
        null,
        null,
        null,
        1,
        0,
        0,
        0,
        0,
        null,
        0,
        null,
        null,
        null,
        null,
        null,
        null,
        1,
        18,
        null,
        null,
        null,
        null,
        null,
        1,
        459,
        null,
        null,
        null,
        null,
        null,
        1,
        459,
        null,
        null,
        null,
        null,
        null,
        null,
        null,
        null,
        null,
        1,
        null,
        null,
        null,
        9,
        null,
        null
      ],
      "/Users/marcharbatkin/Projects/vads/SCIInterim/app/models/domain/level_of_injury.rb": [
        1,
        1,
        null,
        null,
        null,
        null,
        null,
        null,
        1,
        107,
        27,
        null,
        27,
        null,
        null,
        null,
        null,
        null,
        null,
        1,
        134,
        null,
        null,
        null,
        null,
        null,
        null,
        1,
        54,
        null,
        null
      ],
      "/Users/marcharbatkin/Projects/vads/SCIInterim/app/models/domain/asia_classification.rb": [
        1,
        1,
        null
      ],
      "/Users/marcharbatkin/Projects/vads/SCIInterim/spec/models/chart_sf_spec.rb": [
        1,
        null,
        1,
        2,
        null,
        1,
        1,
        null,
        null
      ],
      "/Users/marcharbatkin/Projects/vads/SCIInterim/app/models/chart_sf.rb": [
        1,
        1,
        null,
        1,
        1,
        1,
        1,
        1,
        1,
        1,
        null
      ],
      "/Users/marcharbatkin/Projects/vads/SCIInterim/app/models/domain/chart_sf_at_home_cognitive.rb": [
        1,
        1,
        null
      ],
      "/Users/marcharbatkin/Projects/vads/SCIInterim/app/models/domain/chart_sf_not_home_cognitive.rb": [
        1,
        1,
        null
      ],
      "/Users/marcharbatkin/Projects/vads/SCIInterim/app/models/domain/chart_sf_away_night.rb": [
        1,
        1,
        null
      ],
      "/Users/marcharbatkin/Projects/vads/SCIInterim/app/models/domain/chart_sf_spouse_resident_option.rb": [
        1,
        1,
        null
      ],
      "/Users/marcharbatkin/Projects/vads/SCIInterim/app/models/domain/chart_sf_initiated_stranger_conversation.rb": [
        1,
        1,
        null,
        null
      ],
      "/Users/marcharbatkin/Projects/vads/SCIInterim/app/models/domain/chart_sf_household_income.rb": [
        1,
        1,
        null
      ],
      "/Users/marcharbatkin/Projects/vads/SCIInterim/app/models/domain/chart_sf_medical_expense.rb": [
        1,
        1,
        null
      ],
      "/Users/marcharbatkin/Projects/vads/SCIInterim/spec/models/fim_measurement_spec.rb": [
        1,
        null,
        1,
        2,
        null,
        1,
        1,
        null,
        null
      ],
      "/Users/marcharbatkin/Projects/vads/SCIInterim/app/models/fim_measurement.rb": [
        1,
        1,
        null,
        1,
        1,
        1,
        1,
        1,
        1,
        1,
        1,
        1,
        1,
        1,
        1,
        1,
        1,
        1,
        1,
        1,
        1,
        null
      ],
      "/Users/marcharbatkin/Projects/vads/SCIInterim/spec/models/fim_spec.rb": [
        1,
        null,
        1,
        2,
        null,
        1,
        1,
        null,
        null
      ],
      "/Users/marcharbatkin/Projects/vads/SCIInterim/app/models/fim.rb": [
        1,
        1,
        null,
        1,
        null,
        null,
        1,
        1,
        1,
        1,
        1,
        1,
        null
      ],
      "/Users/marcharbatkin/Projects/vads/SCIInterim/app/models/domain/fim_impairment_category.rb": [
        1,
        1,
        null
      ],
      "/Users/marcharbatkin/Projects/vads/SCIInterim/app/models/domain/fim_impairment_group.rb": [
        1,
        1,
        null
      ],
      "/Users/marcharbatkin/Projects/vads/SCIInterim/app/models/domain/fim_admission_class.rb": [
        1,
        1,
        null
      ],
      "/Users/marcharbatkin/Projects/vads/SCIInterim/app/models/domain/fim_locomotion_type.rb": [
        1,
        1,
        null
      ],
      "/Users/marcharbatkin/Projects/vads/SCIInterim/app/models/domain/fim_communication_comprehension_type.rb": [
        1,
        1,
        null,
        null
      ],
      "/Users/marcharbatkin/Projects/vads/SCIInterim/app/models/domain/fim_communication_expression_type.rb": [
        1,
        1,
        null,
        null
      ],
      "/Users/marcharbatkin/Projects/vads/SCIInterim/spec/models/kurtzke_edss_spec.rb": [
        1,
        null,
        1,
        2,
        null,
        1,
        1,
        null,
        null
      ],
      "/Users/marcharbatkin/Projects/vads/SCIInterim/app/models/kurtzke_edss.rb": [
        1,
        1,
        null,
        1,
        null
      ],
      "/Users/marcharbatkin/Projects/vads/SCIInterim/app/models/domain/kurtzke_edss_score.rb": [
        1,
        1,
        null
      ],
      "/Users/marcharbatkin/Projects/vads/SCIInterim/spec/models/omr_spec.rb": [
        1,
        null,
        1,
        2,
        null,
        1,
        1,
        null,
        null
      ],
      "/Users/marcharbatkin/Projects/vads/SCIInterim/app/models/omr.rb": [
        1,
        1,
        null,
        1,
        null,
        1,
        1,
        1,
        null,
        1,
        1,
        null,
        1,
        null,
        1,
        79,
        null,
        null
      ],
      "/Users/marcharbatkin/Projects/vads/SCIInterim/spec/models/patient_spec.rb": [
        1,
        null,
        1,
        1,
        1,
        null,
        null,
        2,
        2,
        2,
        2,
        null,
        1,
        1,
        1,
        1,
        1,
        1,
        1,
        null,
        null,
        1,
        1,
        1,
        1,
        1,
        1,
        1,
        null,
        null,
        1,
        1,
        1,
        1,
        null,
        null,
        1,
        1,
        1,
        1,
        1,
        null,
        null,
        1,
        1,
        1,
        null,
        1,
        1,
        null,
        1,
        1,
        null,
        1,
        1,
        null,
        null,
        1,
        1,
        1,
        1,
        1,
        null,
        1,
        1,
        null,
        null,
        1,
        1,
        null,
        null,
        1,
        1,
        null,
        null,
        1,
        1,
        null,
        null,
        null,
        1,
        1,
        null,
        null,
        null
      ],
      "/Users/marcharbatkin/Projects/vads/SCIInterim/app/models/patient.rb": [
        1,
        null,
        1,
        1,
        null,
        1,
        null,
        1,
        1,
        1,
        null,
        1,
        1,
        null,
        1,
        1,
        1,
        1,
        1,
        1,
        1,
        1,
        1,
        1,
        1,
        1,
        1,
        1,
        1,
        1,
        1,
        1,
        1,
        1,
        null,
        1,
        1,
        1,
        1,
        1,
        1,
        1,
        null,
        1,
        null,
        1,
        43,
        null,
        null,
        1,
        43,
        null,
        null,
        1,
        125,
        125,
        null,
        null,
        1,
        5,
        5,
        5,
        null,
        null,
        1,
        43,
        null,
        null,
        1,
        0,
        0,
        0,
        null,
        0,
        0,
        null,
        null,
        null,
        null
      ],
      "/Users/marcharbatkin/Projects/vads/SCIInterim/app/models/domain/va_medical_center.rb": [
        1,
        1,
        null
      ],
      "/Users/marcharbatkin/Projects/vads/SCIInterim/app/models/domain/occupation.rb": [
        1,
        1,
        null
      ],
      "/Users/marcharbatkin/Projects/vads/SCIInterim/app/models/domain/ethnic.rb": [
        1,
        1,
        null
      ],
      "/Users/marcharbatkin/Projects/vads/SCIInterim/app/models/domain/gender.rb": [
        1,
        1,
        null
      ],
      "/Users/marcharbatkin/Projects/vads/SCIInterim/app/models/domain/caregiver_type.rb": [
        1,
        1,
        null
      ],
      "/Users/marcharbatkin/Projects/vads/SCIInterim/app/models/domain/highest_level_of_education.rb": [
        1,
        1,
        null
      ],
      "/Users/marcharbatkin/Projects/vads/SCIInterim/app/models/domain/principle_pcp_type.rb": [
        1,
        1,
        null
      ],
      "/Users/marcharbatkin/Projects/vads/SCIInterim/app/models/domain/sci_type.rb": [
        1,
        1,
        null
      ],
      "/Users/marcharbatkin/Projects/vads/SCIInterim/app/models/domain/scid_etiology.rb": [
        1,
        1,
        null
      ],
      "/Users/marcharbatkin/Projects/vads/SCIInterim/app/models/domain/theater_of_service.rb": [
        1,
        1,
        null
      ],
      "/Users/marcharbatkin/Projects/vads/SCIInterim/app/models/domain/travel_status.rb": [
        1,
        1,
        null
      ],
      "/Users/marcharbatkin/Projects/vads/SCIInterim/app/models/domain/va_status.rb": [
        1,
        1,
        null
      ],
      "/Users/marcharbatkin/Projects/vads/SCIInterim/app/models/domain/race.rb": [
        1,
        1,
        null
      ],
      "/Users/marcharbatkin/Projects/vads/SCIInterim/app/models/domain/scid_ms_eligibility.rb": [
        1,
        1,
        null
      ],
      "/Users/marcharbatkin/Projects/vads/SCIInterim/spec/models/sf8_spec.rb": [
        1,
        null,
        1,
        2,
        null,
        1,
        1,
        null,
        null
      ],
      "/Users/marcharbatkin/Projects/vads/SCIInterim/app/models/sf8.rb": [
        1,
        1,
        null,
        1,
        1,
        1,
        1,
        1,
        1,
        1,
        1,
        1,
        null,
        1,
        null,
        null,
        null,
        null,
        null,
        null,
        null,
        null,
        null,
        null,
        null,
        null,
        null,
        null,
        null,
        null,
        null,
        null,
        null,
        null,
        null,
        null,
        null,
        null,
        null,
        null,
        null,
        null,
        null,
        null,
        null,
        null,
        null,
        null,
        null,
        null,
        null,
        null,
        null,
        null,
        null,
        null,
        null,
        null,
        null,
        null,
        null,
        null,
        null,
        null,
        null,
        null,
        null,
        null,
        null,
        null,
        null,
        null,
        null,
        null,
        null,
        null,
        null,
        null,
        null,
        null,
        72,
        null,
        null
      ],
      "/Users/marcharbatkin/Projects/vads/SCIInterim/db/seeds.rb": [
        null,
        null,
        null,
        null,
        1,
        1
      ],
      "/Users/marcharbatkin/Projects/vads/SCIInterim/app/models/address.rb": [
        1,
        null,
        1,
        1,
        null
      ],
      "/Users/marcharbatkin/Projects/vads/SCIInterim/app/models/transfer.rb": [
        1,
        1,
        null,
        1,
        null
      ],
      "/Users/marcharbatkin/Projects/vads/SCIInterim/app/inputs/date_picker_input.rb": [
        1,
        1,
        395,
        395,
        null,
        null,
        null,
        null,
        395,
        null,
        null
      ]
    },
    "timestamp": 1454389821
  }
}
